[03-Jun-2026 09:46:12 UTC] PHP Warning:  Constant EMP_VERSION already defined in /var/www/html/platinum/wp-content/plugins/event-management-platform/event-management-platform.php on line 22
[03-Jun-2026 09:46:12 UTC] PHP Warning:  Constant EMP_PATH already defined in /var/www/html/platinum/wp-content/plugins/event-management-platform/event-management-platform.php on line 23
[03-Jun-2026 09:46:12 UTC] PHP Warning:  Constant EMP_URL already defined in /var/www/html/platinum/wp-content/plugins/event-management-platform/event-management-platform.php on line 24
[03-Jun-2026 09:46:46 UTC] PHP Warning:  Constant EMP_VERSION already defined in /var/www/html/platinum/wp-content/plugins/event-management-platform/event-management-platform.php on line 22
[03-Jun-2026 09:46:46 UTC] PHP Warning:  Constant EMP_PATH already defined in /var/www/html/platinum/wp-content/plugins/event-management-platform/event-management-platform.php on line 23
[03-Jun-2026 09:46:46 UTC] PHP Warning:  Constant EMP_URL already defined in /var/www/html/platinum/wp-content/plugins/event-management-platform/event-management-platform.php on line 24
[03-Jun-2026 12:11:50 UTC] PHP Deprecated:  File Theme without header.php is <strong>deprecated</strong> since version 3.0.0 with no alternative available. Please include a header.php template in your theme. in /var/www/html/platinum/wp-includes/functions.php on line 6170
[03-Jun-2026 12:11:50 UTC] PHP Deprecated:  File Theme without footer.php is <strong>deprecated</strong> since version 3.0.0 with no alternative available. Please include a footer.php template in your theme. in /var/www/html/platinum/wp-includes/functions.php on line 6170
[03-Jun-2026 12:13:10 UTC] PHP Deprecated:  File Theme without header.php is <strong>deprecated</strong> since version 3.0.0 with no alternative available. Please include a header.php template in your theme. in /var/www/html/platinum/wp-includes/functions.php on line 6170
[03-Jun-2026 12:13:10 UTC] PHP Deprecated:  File Theme without footer.php is <strong>deprecated</strong> since version 3.0.0 with no alternative available. Please include a footer.php template in your theme. in /var/www/html/platinum/wp-includes/functions.php on line 6170
[03-Jun-2026 12:13:27 UTC] PHP Deprecated:  File Theme without header.php is <strong>deprecated</strong> since version 3.0.0 with no alternative available. Please include a header.php template in your theme. in /var/www/html/platinum/wp-includes/functions.php on line 6170
[03-Jun-2026 12:13:27 UTC] PHP Deprecated:  File Theme without footer.php is <strong>deprecated</strong> since version 3.0.0 with no alternative available. Please include a footer.php template in your theme. in /var/www/html/platinum/wp-includes/functions.php on line 6170
[03-Jun-2026 12:20:30 UTC] PHP Deprecated:  File Theme without header.php is <strong>deprecated</strong> since version 3.0.0 with no alternative available. Please include a header.php template in your theme. in /var/www/html/platinum/wp-includes/functions.php on line 6170
[03-Jun-2026 12:20:30 UTC] PHP Deprecated:  File Theme without footer.php is <strong>deprecated</strong> since version 3.0.0 with no alternative available. Please include a footer.php template in your theme. in /var/www/html/platinum/wp-includes/functions.php on line 6170
[04-Jun-2026 07:11:09 UTC] Automatic updates starting...
[04-Jun-2026 07:11:10 UTC] Automatic updates complete.
[04-Jun-2026 11:34:48 UTC] PHP Deprecated:  File Theme without header.php is <strong>deprecated</strong> since version 3.0.0 with no alternative available. Please include a header.php template in your theme. in /var/www/html/platinum/wp-includes/functions.php on line 6170
[04-Jun-2026 11:34:48 UTC] PHP Deprecated:  File Theme without footer.php is <strong>deprecated</strong> since version 3.0.0 with no alternative available. Please include a footer.php template in your theme. in /var/www/html/platinum/wp-includes/functions.php on line 6170
[05-Jun-2026 04:49:55 UTC] PHP Deprecated:  File Theme without header.php is <strong>deprecated</strong> since version 3.0.0 with no alternative available. Please include a header.php template in your theme. in /var/www/html/platinum/wp-includes/functions.php on line 6170
[05-Jun-2026 04:49:55 UTC] PHP Deprecated:  File Theme without footer.php is <strong>deprecated</strong> since version 3.0.0 with no alternative available. Please include a footer.php template in your theme. in /var/www/html/platinum/wp-includes/functions.php on line 6170
[05-Jun-2026 07:02:34 UTC] Automatic updates starting...
[05-Jun-2026 07:02:36 UTC] Automatic updates complete.
[10-Jun-2026 04:44:40 UTC] Automatic updates starting...
[10-Jun-2026 04:44:42 UTC] Automatic updates complete.
[10-Jun-2026 04:57:31 UTC] PHP Deprecated:  File Theme without header.php is <strong>deprecated</strong> since version 3.0.0 with no alternative available. Please include a header.php template in your theme. in /var/www/html/platinum/wp-includes/functions.php on line 6170
[10-Jun-2026 04:57:31 UTC] PHP Deprecated:  File Theme without footer.php is <strong>deprecated</strong> since version 3.0.0 with no alternative available. Please include a footer.php template in your theme. in /var/www/html/platinum/wp-includes/functions.php on line 6170
[10-Jun-2026 05:36:17 UTC] PHP Deprecated:  File Theme without header.php is <strong>deprecated</strong> since version 3.0.0 with no alternative available. Please include a header.php template in your theme. in /var/www/html/platinum/wp-includes/functions.php on line 6170
[10-Jun-2026 05:36:17 UTC] PHP Deprecated:  File Theme without footer.php is <strong>deprecated</strong> since version 3.0.0 with no alternative available. Please include a footer.php template in your theme. in /var/www/html/platinum/wp-includes/functions.php on line 6170
[10-Jun-2026 05:36:43 UTC] PHP Deprecated:  File Theme without header.php is <strong>deprecated</strong> since version 3.0.0 with no alternative available. Please include a header.php template in your theme. in /var/www/html/platinum/wp-includes/functions.php on line 6170
[10-Jun-2026 05:36:43 UTC] PHP Deprecated:  File Theme without footer.php is <strong>deprecated</strong> since version 3.0.0 with no alternative available. Please include a footer.php template in your theme. in /var/www/html/platinum/wp-includes/functions.php on line 6170
[10-Jun-2026 05:37:16 UTC] PHP Deprecated:  File Theme without header.php is <strong>deprecated</strong> since version 3.0.0 with no alternative available. Please include a header.php template in your theme. in /var/www/html/platinum/wp-includes/functions.php on line 6170
[10-Jun-2026 05:37:16 UTC] PHP Deprecated:  File Theme without footer.php is <strong>deprecated</strong> since version 3.0.0 with no alternative available. Please include a footer.php template in your theme. in /var/www/html/platinum/wp-includes/functions.php on line 6170
[10-Jun-2026 05:37:21 UTC] PHP Deprecated:  File Theme without header.php is <strong>deprecated</strong> since version 3.0.0 with no alternative available. Please include a header.php template in your theme. in /var/www/html/platinum/wp-includes/functions.php on line 6170
[10-Jun-2026 05:37:21 UTC] PHP Deprecated:  File Theme without footer.php is <strong>deprecated</strong> since version 3.0.0 with no alternative available. Please include a footer.php template in your theme. in /var/www/html/platinum/wp-includes/functions.php on line 6170
[10-Jun-2026 05:37:24 UTC] PHP Deprecated:  File Theme without header.php is <strong>deprecated</strong> since version 3.0.0 with no alternative available. Please include a header.php template in your theme. in /var/www/html/platinum/wp-includes/functions.php on line 6170
[10-Jun-2026 05:37:24 UTC] PHP Deprecated:  File Theme without footer.php is <strong>deprecated</strong> since version 3.0.0 with no alternative available. Please include a footer.php template in your theme. in /var/www/html/platinum/wp-includes/functions.php on line 6170
[10-Jun-2026 05:37:26 UTC] PHP Deprecated:  File Theme without header.php is <strong>deprecated</strong> since version 3.0.0 with no alternative available. Please include a header.php template in your theme. in /var/www/html/platinum/wp-includes/functions.php on line 6170
[10-Jun-2026 05:37:26 UTC] PHP Deprecated:  File Theme without footer.php is <strong>deprecated</strong> since version 3.0.0 with no alternative available. Please include a footer.php template in your theme. in /var/www/html/platinum/wp-includes/functions.php on line 6170
[10-Jun-2026 06:01:11 UTC] PHP Deprecated:  File Theme without header.php is <strong>deprecated</strong> since version 3.0.0 with no alternative available. Please include a header.php template in your theme. in /var/www/html/platinum/wp-includes/functions.php on line 6170
[10-Jun-2026 06:01:11 UTC] PHP Deprecated:  File Theme without footer.php is <strong>deprecated</strong> since version 3.0.0 with no alternative available. Please include a footer.php template in your theme. in /var/www/html/platinum/wp-includes/functions.php on line 6170
[10-Jun-2026 06:01:45 UTC] PHP Deprecated:  File Theme without header.php is <strong>deprecated</strong> since version 3.0.0 with no alternative available. Please include a header.php template in your theme. in /var/www/html/platinum/wp-includes/functions.php on line 6170
[10-Jun-2026 06:01:45 UTC] PHP Deprecated:  File Theme without footer.php is <strong>deprecated</strong> since version 3.0.0 with no alternative available. Please include a footer.php template in your theme. in /var/www/html/platinum/wp-includes/functions.php on line 6170
[10-Jun-2026 06:45:58 UTC] PHP Deprecated:  File Theme without header.php is <strong>deprecated</strong> since version 3.0.0 with no alternative available. Please include a header.php template in your theme. in /var/www/html/platinum/wp-includes/functions.php on line 6170
[10-Jun-2026 06:45:58 UTC] PHP Deprecated:  File Theme without footer.php is <strong>deprecated</strong> since version 3.0.0 with no alternative available. Please include a footer.php template in your theme. in /var/www/html/platinum/wp-includes/functions.php on line 6170
[10-Jun-2026 06:46:20 UTC] PHP Deprecated:  File Theme without header.php is <strong>deprecated</strong> since version 3.0.0 with no alternative available. Please include a header.php template in your theme. in /var/www/html/platinum/wp-includes/functions.php on line 6170
[10-Jun-2026 06:46:20 UTC] PHP Deprecated:  File Theme without footer.php is <strong>deprecated</strong> since version 3.0.0 with no alternative available. Please include a footer.php template in your theme. in /var/www/html/platinum/wp-includes/functions.php on line 6170
[10-Jun-2026 06:46:57 UTC] PHP Deprecated:  File Theme without header.php is <strong>deprecated</strong> since version 3.0.0 with no alternative available. Please include a header.php template in your theme. in /var/www/html/platinum/wp-includes/functions.php on line 6170
[10-Jun-2026 06:46:57 UTC] PHP Deprecated:  File Theme without footer.php is <strong>deprecated</strong> since version 3.0.0 with no alternative available. Please include a footer.php template in your theme. in /var/www/html/platinum/wp-includes/functions.php on line 6170
[10-Jun-2026 07:00:01 UTC] PHP Deprecated:  File Theme without header.php is <strong>deprecated</strong> since version 3.0.0 with no alternative available. Please include a header.php template in your theme. in /var/www/html/platinum/wp-includes/functions.php on line 6170
[10-Jun-2026 07:00:01 UTC] PHP Deprecated:  File Theme without footer.php is <strong>deprecated</strong> since version 3.0.0 with no alternative available. Please include a footer.php template in your theme. in /var/www/html/platinum/wp-includes/functions.php on line 6170
[10-Jun-2026 07:00:05 UTC] PHP Deprecated:  File Theme without header.php is <strong>deprecated</strong> since version 3.0.0 with no alternative available. Please include a header.php template in your theme. in /var/www/html/platinum/wp-includes/functions.php on line 6170
[10-Jun-2026 07:00:05 UTC] PHP Deprecated:  File Theme without footer.php is <strong>deprecated</strong> since version 3.0.0 with no alternative available. Please include a footer.php template in your theme. in /var/www/html/platinum/wp-includes/functions.php on line 6170
[10-Jun-2026 07:00:10 UTC] PHP Deprecated:  File Theme without header.php is <strong>deprecated</strong> since version 3.0.0 with no alternative available. Please include a header.php template in your theme. in /var/www/html/platinum/wp-includes/functions.php on line 6170
[10-Jun-2026 07:00:10 UTC] PHP Deprecated:  File Theme without footer.php is <strong>deprecated</strong> since version 3.0.0 with no alternative available. Please include a footer.php template in your theme. in /var/www/html/platinum/wp-includes/functions.php on line 6170
[10-Jun-2026 07:00:10 UTC] PHP Deprecated:  File Theme without header.php is <strong>deprecated</strong> since version 3.0.0 with no alternative available. Please include a header.php template in your theme. in /var/www/html/platinum/wp-includes/functions.php on line 6170
[10-Jun-2026 07:00:10 UTC] PHP Deprecated:  File Theme without footer.php is <strong>deprecated</strong> since version 3.0.0 with no alternative available. Please include a footer.php template in your theme. in /var/www/html/platinum/wp-includes/functions.php on line 6170
[10-Jun-2026 07:00:11 UTC] PHP Deprecated:  File Theme without header.php is <strong>deprecated</strong> since version 3.0.0 with no alternative available. Please include a header.php template in your theme. in /var/www/html/platinum/wp-includes/functions.php on line 6170
[10-Jun-2026 07:00:11 UTC] PHP Deprecated:  File Theme without footer.php is <strong>deprecated</strong> since version 3.0.0 with no alternative available. Please include a footer.php template in your theme. in /var/www/html/platinum/wp-includes/functions.php on line 6170
[10-Jun-2026 07:00:46 UTC] PHP Deprecated:  File Theme without header.php is <strong>deprecated</strong> since version 3.0.0 with no alternative available. Please include a header.php template in your theme. in /var/www/html/platinum/wp-includes/functions.php on line 6170
[10-Jun-2026 07:00:46 UTC] PHP Deprecated:  File Theme without footer.php is <strong>deprecated</strong> since version 3.0.0 with no alternative available. Please include a footer.php template in your theme. in /var/www/html/platinum/wp-includes/functions.php on line 6170
[10-Jun-2026 07:01:51 UTC] Automatic updates starting...
[10-Jun-2026 07:01:52 UTC] Automatic updates complete.
[10-Jun-2026 07:17:19 UTC] PHP Deprecated:  File Theme without header.php is <strong>deprecated</strong> since version 3.0.0 with no alternative available. Please include a header.php template in your theme. in /var/www/html/platinum/wp-includes/functions.php on line 6170
[10-Jun-2026 07:17:19 UTC] PHP Deprecated:  File Theme without footer.php is <strong>deprecated</strong> since version 3.0.0 with no alternative available. Please include a footer.php template in your theme. in /var/www/html/platinum/wp-includes/functions.php on line 6170
